Построение начато 08.06.2013 20:01:10.
     1>Проект "C:\Users\a1himik\Documents\GitHub\BullsAndCows\BullsAndCows\BullsAndCows.vcxproj" в узле 2 (целевые объекты build).
     1>InitializeBuildStatus:
         Создание "Debug\BullsAndCows.unsuccessfulbuild", так как было задано "AlwaysCreate".
       ClCompile:
         C:\Program Files (x86)\Microsoft Visual Studio 10.0\VC\bin\CL.exe /c /ZI /nologo /W3 /WX- /Od /Oy- /D WIN32 /D _DEBUG /D _CONSOLE /D _UNICODE /D UNICODE /Gm /EHsc /RTC1 /MDd /GS /fp:precise /Zc:wchar_t /Zc:forScope /Fo"Debug\\" /Fd"Debug\vc100.pdb" /Gd /TP /analyze- /errorReport:prompt "..\..\..\bulls'n'cows.cpp"
         bulls'n'cows.cpp
     1>c:\users\a1himik\documents\bulls'n'cows.cpp(50): warning C4018: <: несоответствие типов со знаком и без знака
     1>c:\users\a1himik\documents\bulls'n'cows.cpp(51): warning C4018: <: несоответствие типов со знаком и без знака
     1>c:\users\a1himik\documents\bulls'n'cows.cpp(61): warning C4018: <: несоответствие типов со знаком и без знака
     1>c:\users\a1himik\documents\bulls'n'cows.cpp(71): warning C4018: <: несоответствие типов со знаком и без знака
     1>c:\users\a1himik\documents\bulls'n'cows.cpp(72): warning C4018: <: несоответствие типов со знаком и без знака
     1>c:\users\a1himik\documents\bulls'n'cows.cpp(88): warning C4018: <: несоответствие типов со знаком и без знака
       ManifestResourceCompile:
         Для всех выходных данных обновления не требуется.
       Link:
         C:\Program Files (x86)\Microsoft Visual Studio 10.0\VC\bin\link.exe /ERRORREPORT:PROMPT /OUT:"C:\Users\a1himik\Documents\GitHub\BullsAndCows\Debug\BullsAndCows.exe" /INCREMENTAL /NOLOGO kernel32.lib user32.lib gdi32.lib winspool.lib comdlg32.lib advapi32.lib shell32.lib ole32.lib oleaut32.lib uuid.lib odbc32.lib odbccp32.lib /MANIFEST /ManifestFile:"Debug\BullsAndCows.exe.intermediate.manifest" /MANIFESTUAC:"level='asInvoker' uiAccess='false'" /DEBUG /PDB:"C:\Users\a1himik\Documents\GitHub\BullsAndCows\Debug\BullsAndCows.pdb" /SUBSYSTEM:CONSOLE /TLBID:1 /DYNAMICBASE /NXCOMPAT /IMPLIB:"C:\Users\a1himik\Documents\GitHub\BullsAndCows\Debug\BullsAndCows.lib" /MACHINE:X86 Debug\BullsAndCows.exe.embed.manifest.res
         "Debug\bulls'n'cows.obj"
       Manifest:
         C:\Program Files (x86)\Microsoft SDKs\Windows\v7.0A\bin\mt.exe /nologo /verbose /out:"Debug\BullsAndCows.exe.embed.manifest" /manifest Debug\BullsAndCows.exe.intermediate.manifest
         Для всех выходных данных обновления не требуется.
       LinkEmbedManifest:
         Для всех выходных данных обновления не требуется.
         BullsAndCows.vcxproj -> C:\Users\a1himik\Documents\GitHub\BullsAndCows\Debug\BullsAndCows.exe
       FinalizeBuildStatus:
         Файл "Debug\BullsAndCows.unsuccessfulbuild" удаляется.
         Обращение к "Debug\BullsAndCows.lastbuildstate".
     1>Построение проекта "C:\Users\a1himik\Documents\GitHub\BullsAndCows\BullsAndCows\BullsAndCows.vcxproj" завершено (целевые объекты build).

Построение успешно завершено.

Затраченное время: 00:00:01.23
