Построение начато 08.06.2013 20:01:18.
     1>Проект "C:\Users\a1himik\Documents\GitHub\BullsAndCows\BullsAndCows\BullsAndCows.vcxproj" в узле 2 (целевые объекты build).
     1>PrepareForBuild:
         Создание каталога "C:\Users\a1himik\Documents\GitHub\BullsAndCows\Release\".
       InitializeBuildStatus:
         Создание "Release\BullsAndCows.unsuccessfulbuild", так как было задано "AlwaysCreate".
       ClCompile:
         C:\Program Files (x86)\Microsoft Visual Studio 10.0\VC\bin\CL.exe /c /Zi /nologo /W3 /WX- /O2 /Oi /Oy- /GL /D WIN32 /D NDEBUG /D _CONSOLE /D _UNICODE /D UNICODE /Gm- /EHsc /MD /GS /Gy /fp:precise /Zc:wchar_t /Zc:forScope /Fo"Release\\" /Fd"Release\vc100.pdb" /Gd /TP /analyze- /errorReport:prompt "..\..\..\bulls'n'cows.cpp"
         bulls'n'cows.cpp
     1>..\..\..\bulls'n'cows.cpp(50): warning C4018: <: несоответствие типов со знаком и без знака
     1>..\..\..\bulls'n'cows.cpp(51): warning C4018: <: несоответствие типов со знаком и без знака
     1>..\..\..\bulls'n'cows.cpp(61): warning C4018: <: несоответствие типов со знаком и без знака
     1>..\..\..\bulls'n'cows.cpp(71): warning C4018: <: несоответствие типов со знаком и без знака
     1>..\..\..\bulls'n'cows.cpp(72): warning C4018: <: несоответствие типов со знаком и без знака
     1>..\..\..\bulls'n'cows.cpp(88): warning C4018: <: несоответствие типов со знаком и без знака
       Link:
         C:\Program Files (x86)\Microsoft Visual Studio 10.0\VC\bin\link.exe /ERRORREPORT:PROMPT /OUT:"C:\Users\a1himik\Documents\GitHub\BullsAndCows\Release\BullsAndCows.exe" /INCREMENTAL:NO /NOLOGO kernel32.lib user32.lib gdi32.lib winspool.lib comdlg32.lib advapi32.lib shell32.lib ole32.lib oleaut32.lib uuid.lib odbc32.lib odbccp32.lib /MANIFEST /ManifestFile:"Release\BullsAndCows.exe.intermediate.manifest" /MANIFESTUAC:"level='asInvoker' uiAccess='false'" /DEBUG /PDB:"C:\Users\a1himik\Documents\GitHub\BullsAndCows\Release\BullsAndCows.pdb" /SUBSYSTEM:CONSOLE /OPT:REF /OPT:ICF /LTCG /TLBID:1 /DYNAMICBASE /NXCOMPAT /IMPLIB:"C:\Users\a1himik\Documents\GitHub\BullsAndCows\Release\BullsAndCows.lib" /MACHINE:X86 "Release\bulls'n'cows.obj"
         Создание кода
         Создание кода завершено
         BullsAndCows.vcxproj -> C:\Users\a1himik\Documents\GitHub\BullsAndCows\Release\BullsAndCows.exe
       Manifest:
         C:\Program Files (x86)\Microsoft SDKs\Windows\v7.0A\bin\mt.exe /nologo /verbose /outputresource:"C:\Users\a1himik\Documents\GitHub\BullsAndCows\Release\BullsAndCows.exe;#1" /manifest Release\BullsAndCows.exe.intermediate.manifest
       FinalizeBuildStatus:
         Файл "Release\BullsAndCows.unsuccessfulbuild" удаляется.
         Обращение к "Release\BullsAndCows.lastbuildstate".
     1>Построение проекта "C:\Users\a1himik\Documents\GitHub\BullsAndCows\BullsAndCows\BullsAndCows.vcxproj" завершено (целевые объекты build).

Построение успешно завершено.

Затраченное время: 00:00:01.59
